2023-10-27T16:42:31+00:00 CRITICAL Uncaught Error: Call to undefined function create_function() in C:\xampp\htdocs\core-shop\wp-content\plugins\woocommerce-products-filter\index.php:846
Stack trace:
#0 C:\xampp\htdocs\core-shop\wp-includes\class-wp-hook.php(310): WOOF->wp_load_js('')
#1 C:\xampp\htdocs\core-shop\wp-includes\class-wp-hook.php(334): WP_Hook->apply_filters(NULL, Array)
#2 C:\xampp\htdocs\core-shop\wp-includes\plugin.php(517): WP_Hook->do_action(Array)
#3 C:\xampp\htdocs\core-shop\wp-includes\general-template.php(3053): do_action('wp_head')
#4 C:\xampp\htdocs\core-shop\wp-content\themes\flatsome-child\header.php(18): wp_head()
#5 C:\xampp\htdocs\core-shop\wp-includes\template.php(785): require_once('C:\\xampp\\htdocs...')
#6 C:\xampp\htdocs\core-shop\wp-includes\template.php(720): load_template('C:\\xampp\\htdocs...', true, Array)
#7 C:\xampp\htdocs\core-shop\wp-includes\general-template.php(48): locate_template(Array, true, true, Array)
#8 C:\xampp\htdocs\core-shop\wp-content\themes\flatsome-child\page-blank.php(9): get_header()
#9 C:\xampp\htdocs\core-shop\wp-includes\template-loader.php(106): include('C:\\xampp\\htdocs...')
#10 C:\xampp\htdocs\core-shop\wp-blog-header.php(19): require_once('C:\\xampp\\htdocs...')
#11 C:\xampp\htdocs\core-shop\index.php(17): require('C:\\xampp\\htdocs...')
#12 {main}
  thrown in C:\xampp\htdocs\core-shop\wp-content\plugins\woocommerce-products-filter\index.php on line 846

2023-10-27T16:44:31+00:00 CRITICAL Uncaught Error: Call to undefined function create_function() in C:\xampp\htdocs\core-shop\wp-content\plugins\woocommerce-products-filter\index.php:846
Stack trace:
#0 C:\xampp\htdocs\core-shop\wp-includes\class-wp-hook.php(310): WOOF->wp_load_js('')
#1 C:\xampp\htdocs\core-shop\wp-includes\class-wp-hook.php(334): WP_Hook->apply_filters(NULL, Array)
#2 C:\xampp\htdocs\core-shop\wp-includes\plugin.php(517): WP_Hook->do_action(Array)
#3 C:\xampp\htdocs\core-shop\wp-includes\general-template.php(3053): do_action('wp_head')
#4 C:\xampp\htdocs\core-shop\wp-content\themes\flatsome-child\header.php(18): wp_head()
#5 C:\xampp\htdocs\core-shop\wp-includes\template.php(785): require_once('C:\\xampp\\htdocs...')
#6 C:\xampp\htdocs\core-shop\wp-includes\template.php(720): load_template('C:\\xampp\\htdocs...', true, Array)
#7 C:\xampp\htdocs\core-shop\wp-includes\general-template.php(48): locate_template(Array, true, true, Array)
#8 C:\xampp\htdocs\core-shop\wp-content\themes\flatsome-child\page-blank.php(9): get_header()
#9 C:\xampp\htdocs\core-shop\wp-includes\template-loader.php(106): include('C:\\xampp\\htdocs...')
#10 C:\xampp\htdocs\core-shop\wp-blog-header.php(19): require_once('C:\\xampp\\htdocs...')
#11 C:\xampp\htdocs\core-shop\index.php(17): require('C:\\xampp\\htdocs...')
#12 {main}
  thrown in C:\xampp\htdocs\core-shop\wp-content\plugins\woocommerce-products-filter\index.php on line 846

2023-10-27T16:44:36+00:00 CRITICAL Uncaught Error: Call to undefined function create_function() in C:\xampp\htdocs\core-shop\wp-content\plugins\woocommerce-products-filter\index.php:846
Stack trace:
#0 C:\xampp\htdocs\core-shop\wp-includes\class-wp-hook.php(310): WOOF->wp_load_js('')
#1 C:\xampp\htdocs\core-shop\wp-includes\class-wp-hook.php(334): WP_Hook->apply_filters(NULL, Array)
#2 C:\xampp\htdocs\core-shop\wp-includes\plugin.php(517): WP_Hook->do_action(Array)
#3 C:\xampp\htdocs\core-shop\wp-includes\general-template.php(3053): do_action('wp_head')
#4 C:\xampp\htdocs\core-shop\wp-content\themes\flatsome-child\header.php(18): wp_head()
#5 C:\xampp\htdocs\core-shop\wp-includes\template.php(785): require_once('C:\\xampp\\htdocs...')
#6 C:\xampp\htdocs\core-shop\wp-includes\template.php(720): load_template('C:\\xampp\\htdocs...', true, Array)
#7 C:\xampp\htdocs\core-shop\wp-includes\general-template.php(48): locate_template(Array, true, true, Array)
#8 C:\xampp\htdocs\core-shop\wp-content\themes\flatsome-child\page-blank.php(9): get_header()
#9 C:\xampp\htdocs\core-shop\wp-includes\template-loader.php(106): include('C:\\xampp\\htdocs...')
#10 C:\xampp\htdocs\core-shop\wp-blog-header.php(19): require_once('C:\\xampp\\htdocs...')
#11 C:\xampp\htdocs\core-shop\index.php(17): require('C:\\xampp\\htdocs...')
#12 {main}
  thrown in C:\xampp\htdocs\core-shop\wp-content\plugins\woocommerce-products-filter\index.php on line 846

2023-10-27T16:44:55+00:00 CRITICAL Uncaught Error: Call to undefined function create_function() in C:\xampp\htdocs\core-shop\wp-content\plugins\woocommerce-products-filter\index.php:846
Stack trace:
#0 C:\xampp\htdocs\core-shop\wp-includes\class-wp-hook.php(310): WOOF->wp_load_js('')
#1 C:\xampp\htdocs\core-shop\wp-includes\class-wp-hook.php(334): WP_Hook->apply_filters(NULL, Array)
#2 C:\xampp\htdocs\core-shop\wp-includes\plugin.php(517): WP_Hook->do_action(Array)
#3 C:\xampp\htdocs\core-shop\wp-includes\general-template.php(3053): do_action('wp_head')
#4 C:\xampp\htdocs\core-shop\wp-content\themes\flatsome-child\header.php(18): wp_head()
#5 C:\xampp\htdocs\core-shop\wp-includes\template.php(785): require_once('C:\\xampp\\htdocs...')
#6 C:\xampp\htdocs\core-shop\wp-includes\template.php(720): load_template('C:\\xampp\\htdocs...', true, Array)
#7 C:\xampp\htdocs\core-shop\wp-includes\general-template.php(48): locate_template(Array, true, true, Array)
#8 C:\xampp\htdocs\core-shop\wp-content\themes\flatsome-child\page-blank.php(9): get_header()
#9 C:\xampp\htdocs\core-shop\wp-includes\template-loader.php(106): include('C:\\xampp\\htdocs...')
#10 C:\xampp\htdocs\core-shop\wp-blog-header.php(19): require_once('C:\\xampp\\htdocs...')
#11 C:\xampp\htdocs\core-shop\index.php(17): require('C:\\xampp\\htdocs...')
#12 {main}
  thrown in C:\xampp\htdocs\core-shop\wp-content\plugins\woocommerce-products-filter\index.php on line 846

2023-10-27T16:44:57+00:00 CRITICAL Uncaught Error: Call to undefined function create_function() in C:\xampp\htdocs\core-shop\wp-content\plugins\woocommerce-products-filter\index.php:846
Stack trace:
#0 C:\xampp\htdocs\core-shop\wp-includes\class-wp-hook.php(310): WOOF->wp_load_js('')
#1 C:\xampp\htdocs\core-shop\wp-includes\class-wp-hook.php(334): WP_Hook->apply_filters(NULL, Array)
#2 C:\xampp\htdocs\core-shop\wp-includes\plugin.php(517): WP_Hook->do_action(Array)
#3 C:\xampp\htdocs\core-shop\wp-includes\general-template.php(3053): do_action('wp_head')
#4 C:\xampp\htdocs\core-shop\wp-content\themes\flatsome-child\header.php(18): wp_head()
#5 C:\xampp\htdocs\core-shop\wp-includes\template.php(785): require_once('C:\\xampp\\htdocs...')
#6 C:\xampp\htdocs\core-shop\wp-includes\template.php(720): load_template('C:\\xampp\\htdocs...', true, Array)
#7 C:\xampp\htdocs\core-shop\wp-includes\general-template.php(48): locate_template(Array, true, true, Array)
#8 C:\xampp\htdocs\core-shop\wp-content\themes\flatsome-child\page-blank.php(9): get_header()
#9 C:\xampp\htdocs\core-shop\wp-includes\template-loader.php(106): include('C:\\xampp\\htdocs...')
#10 C:\xampp\htdocs\core-shop\wp-blog-header.php(19): require_once('C:\\xampp\\htdocs...')
#11 C:\xampp\htdocs\core-shop\index.php(17): require('C:\\xampp\\htdocs...')
#12 {main}
  thrown in C:\xampp\htdocs\core-shop\wp-content\plugins\woocommerce-products-filter\index.php on line 846

2023-10-27T16:44:59+00:00 CRITICAL Uncaught Error: Call to undefined function create_function() in C:\xampp\htdocs\core-shop\wp-content\plugins\woocommerce-products-filter\index.php:846
Stack trace:
#0 C:\xampp\htdocs\core-shop\wp-includes\class-wp-hook.php(310): WOOF->wp_load_js('')
#1 C:\xampp\htdocs\core-shop\wp-includes\class-wp-hook.php(334): WP_Hook->apply_filters(NULL, Array)
#2 C:\xampp\htdocs\core-shop\wp-includes\plugin.php(517): WP_Hook->do_action(Array)
#3 C:\xampp\htdocs\core-shop\wp-includes\general-template.php(3053): do_action('wp_head')
#4 C:\xampp\htdocs\core-shop\wp-content\themes\flatsome-child\header.php(18): wp_head()
#5 C:\xampp\htdocs\core-shop\wp-includes\template.php(785): require_once('C:\\xampp\\htdocs...')
#6 C:\xampp\htdocs\core-shop\wp-includes\template.php(720): load_template('C:\\xampp\\htdocs...', true, Array)
#7 C:\xampp\htdocs\core-shop\wp-includes\general-template.php(48): locate_template(Array, true, true, Array)
#8 C:\xampp\htdocs\core-shop\wp-content\themes\flatsome-child\page-blank.php(9): get_header()
#9 C:\xampp\htdocs\core-shop\wp-includes\template-loader.php(106): include('C:\\xampp\\htdocs...')
#10 C:\xampp\htdocs\core-shop\wp-blog-header.php(19): require_once('C:\\xampp\\htdocs...')
#11 C:\xampp\htdocs\core-shop\index.php(17): require('C:\\xampp\\htdocs...')
#12 {main}
  thrown in C:\xampp\htdocs\core-shop\wp-content\plugins\woocommerce-products-filter\index.php on line 846

2023-10-27T16:45:01+00:00 CRITICAL Uncaught Error: Call to undefined function create_function() in C:\xampp\htdocs\core-shop\wp-content\plugins\woocommerce-products-filter\index.php:846
Stack trace:
#0 C:\xampp\htdocs\core-shop\wp-includes\class-wp-hook.php(310): WOOF->wp_load_js('')
#1 C:\xampp\htdocs\core-shop\wp-includes\class-wp-hook.php(334): WP_Hook->apply_filters(NULL, Array)
#2 C:\xampp\htdocs\core-shop\wp-includes\plugin.php(517): WP_Hook->do_action(Array)
#3 C:\xampp\htdocs\core-shop\wp-includes\general-template.php(3053): do_action('wp_head')
#4 C:\xampp\htdocs\core-shop\wp-content\themes\flatsome-child\header.php(18): wp_head()
#5 C:\xampp\htdocs\core-shop\wp-includes\template.php(785): require_once('C:\\xampp\\htdocs...')
#6 C:\xampp\htdocs\core-shop\wp-includes\template.php(720): load_template('C:\\xampp\\htdocs...', true, Array)
#7 C:\xampp\htdocs\core-shop\wp-includes\general-template.php(48): locate_template(Array, true, true, Array)
#8 C:\xampp\htdocs\core-shop\wp-content\themes\flatsome-child\page-blank.php(9): get_header()
#9 C:\xampp\htdocs\core-shop\wp-includes\template-loader.php(106): include('C:\\xampp\\htdocs...')
#10 C:\xampp\htdocs\core-shop\wp-blog-header.php(19): require_once('C:\\xampp\\htdocs...')
#11 C:\xampp\htdocs\core-shop\index.php(17): require('C:\\xampp\\htdocs...')
#12 {main}
  thrown in C:\xampp\htdocs\core-shop\wp-content\plugins\woocommerce-products-filter\index.php on line 846

